Sat Jun 17 2017 21:33:47 GMT-0400 (EDT): GET /about
Sat Jun 17 2017 21:33:56 GMT-0400 (EDT): GET /
Sat Jun 17 2017 21:33:56 GMT-0400 (EDT): GET /about
Sat Jun 17 2017 21:34:13 GMT-0400 (EDT): GET /about
Sat Jun 17 2017 21:34:15 GMT-0400 (EDT): GET /
Sat Jun 17 2017 21:34:15 GMT-0400 (EDT): GET /about
Sat Jun 17 2017 21:41:25 GMT-0400 (EDT): GET /
Sat Jun 17 2017 21:41:49 GMT-0400 (EDT): GET /
Sat Jun 17 2017 21:41:51 GMT-0400 (EDT): GET /about
Sat Jun 17 2017 21:41:51 GMT-0400 (EDT): GET /
Sat Jun 17 2017 21:41:52 GMT-0400 (EDT): GET /about
Sun Jun 18 2017 07:41:27 GMT-0400 (EDT): GET /
Sun Jun 18 2017 07:41:27 GMT-0400 (EDT): GET /favicon.ico
Sun Jun 18 2017 08:49:50 GMT-0400 (EDT): GET /
Sun Jun 18 2017 08:49:52 GMT-0400 (EDT): GET /projects
Sun Jun 18 2017 08:49:53 GMT-0400 (EDT): GET /projects
Sun Jun 18 2017 08:49:58 GMT-0400 (EDT): GET /projects
Sun Jun 18 2017 08:50:43 GMT-0400 (EDT): GET /projects
Sun Jun 18 2017 08:50:44 GMT-0400 (EDT): GET /projects
Sun Jun 18 2017 08:50:45 GMT-0400 (EDT): GET /about
Sun Jun 18 2017 08:50:46 GMT-0400 (EDT): GET /projects
Sun Jun 18 2017 08:50:47 GMT-0400 (EDT): GET /about
Sun Jun 18 2017 08:50:48 GMT-0400 (EDT): GET /
Sun Jun 18 2017 08:50:50 GMT-0400 (EDT): GET /projects
Sun Jun 18 2017 08:50:50 GMT-0400 (EDT): GET /projects
Sun Jun 18 2017 08:50:51 GMT-0400 (EDT): GET /projects
Sun Jun 18 2017 08:50:52 GMT-0400 (EDT): GET /projects
Sun Jun 18 2017 08:50:54 GMT-0400 (EDT): GET /projects
